android-app-build/build/intermediates/manifest_merge_blame_file/release/processReleaseMainManifest/manifest-merger-blame-release-report.txt
1<?xml version="1.0" encoding="utf-8"?>
2<!--
3    Copyright 2019 Google Inc. All Rights Reserved.
4
5     Licensed under the Apache License, Version 2.0 (the "License");
6     you may not use this file except in compliance with the License.
7     You may obtain a copy of the License at
8
9         http://www.apache.org/licenses/LICENSE-2.0
10
11     Unless required by applicable law or agreed to in writing, software
12     distributed under the License is distributed on an "AS IS" BASIS,
13     WITHOUT WARRANTIES OR CONDITIONS OF ANY KIND, either express or implied.
14     See the License for the specific language governing permissions and
15     limitations under the License.
16-->
17<!--
18 The "package" attribute is rewritten by the Gradle build with the value of applicationId.
19     It is still required here, as it is used to derive paths, for instance when referring
20     to an Activity by ".MyActivity" instead of the full name. If more Activities are added to the
21     application, the package attribute will need to reflect the correct path in order to use
22     the abbreviated format.
23-->
24<manifest xmlns:android="http://schemas.android.com/apk/res/android"
25    package="com.sha.clovia"
26    android:versionCode="5"
27    android:versionName="2.0" >
28
29    <uses-sdk
30        android:minSdkVersion="21"
31        android:targetSdkVersion="35" />
32
33    <uses-permission android:name="android.permission.POST_NOTIFICATIONS" />
33-->src\main\AndroidManifest.xml:26:9-80
33-->src\main\AndroidManifest.xml:26:26-78
34
35    <queries>
35-->[com.google.androidbrowserhelper:androidbrowserhelper:2.6.2] AndroidManifest.xml:22:5-30:15
36        <intent>
36-->[com.google.androidbrowserhelper:androidbrowserhelper:2.6.2] AndroidManifest.xml:23:9-29:18
37            <action android:name="android.intent.action.VIEW" />
37-->src\main\AndroidManifest.xml:133:17-68
37-->src\main\AndroidManifest.xml:133:25-66
38
39            <category android:name="android.intent.category.BROWSABLE" />
39-->src\main\AndroidManifest.xml:135:17-77
39-->src\main\AndroidManifest.xml:135:27-75
40
41            <data android:scheme="https" />
41-->src\main\AndroidManifest.xml:136:17-139:19
41-->src\main\AndroidManifest.xml:136:23-45
42        </intent>
43    </queries>
44
45    <permission
45-->[androidx.core:core:1.13.0] AndroidManifest.xml:22:5-24:47
46        android:name="com.sha.clovia.DYNAMIC_RECEIVER_NOT_EXPORTED_PERMISSION"
46-->[androidx.core:core:1.13.0] AndroidManifest.xml:23:9-81
47        android:protectionLevel="signature" />
47-->[androidx.core:core:1.13.0] AndroidManifest.xml:24:9-44
48
49    <uses-permission android:name="com.sha.clovia.DYNAMIC_RECEIVER_NOT_EXPORTED_PERMISSION" />
49-->[androidx.core:core:1.13.0] AndroidManifest.xml:26:5-97
49-->[androidx.core:core:1.13.0] AndroidManifest.xml:26:22-94
50
51    <application
51-->src\main\AndroidManifest.xml:35:5-184:19
52        android:name="com.sha.clovia.Application"
52-->src\main\AndroidManifest.xml:36:9-35
53        android:allowBackup="true"
53-->src\main\AndroidManifest.xml:37:9-35
54        android:appComponentFactory="androidx.core.app.CoreComponentFactory"
54-->[androidx.core:core:1.13.0] AndroidManifest.xml:28:18-86
55        android:extractNativeLibs="true"
56        android:icon="@mipmap/ic_launcher"
56-->src\main\AndroidManifest.xml:38:9-43
57        android:label="@string/appName"
57-->src\main\AndroidManifest.xml:39:9-40
58        android:supportsRtl="true"
58-->src\main\AndroidManifest.xml:41:9-35
59        android:theme="@android:style/Theme.Translucent.NoTitleBar" >
59-->src\main\AndroidManifest.xml:42:9-68
60        <meta-data
60-->src\main\AndroidManifest.xml:44:9-46:58
61            android:name="asset_statements"
61-->src\main\AndroidManifest.xml:45:13-44
62            android:resource="@string/assetStatements" />
62-->src\main\AndroidManifest.xml:46:13-55
63        <meta-data
63-->src\main\AndroidManifest.xml:50:9-52:52
64            android:name="twa_generator"
64-->src\main\AndroidManifest.xml:51:13-41
65            android:value="@string/generatorApp" />
65-->src\main\AndroidManifest.xml:52:13-49
66
67        <activity
67-->src\main\AndroidManifest.xml:60:9-145:20
68            android:name="com.sha.clovia.LauncherActivity"
68-->src\main\AndroidManifest.xml:60:19-50
69            android:alwaysRetainTaskState="true"
69-->src\main\AndroidManifest.xml:61:13-49
70            android:exported="true"
70-->src\main\AndroidManifest.xml:63:13-36
71            android:label="@string/launcherName" >
71-->src\main\AndroidManifest.xml:62:13-49
72            <meta-data
72-->src\main\AndroidManifest.xml:64:13-65:53
73                android:name="android.support.customtabs.trusted.DEFAULT_URL"
73-->src\main\AndroidManifest.xml:64:24-85
74                android:value="@string/launchUrl" />
74-->src\main\AndroidManifest.xml:65:17-50
75            <meta-data
75-->src\main\AndroidManifest.xml:67:13-69:58
76                android:name="android.support.customtabs.trusted.STATUS_BAR_COLOR"
76-->src\main\AndroidManifest.xml:68:17-83
77                android:resource="@color/colorPrimary" />
77-->src\main\AndroidManifest.xml:69:17-55
78            <meta-data
78-->src\main\AndroidManifest.xml:73:13-75:62
79                android:name="android.support.customtabs.trusted.STATUS_BAR_COLOR_DARK"
79-->src\main\AndroidManifest.xml:74:17-88
80                android:resource="@color/colorPrimaryDark" />
80-->src\main\AndroidManifest.xml:75:17-59
81            <meta-data
81-->src\main\AndroidManifest.xml:77:13-79:61
82                android:name="android.support.customtabs.trusted.NAVIGATION_BAR_COLOR"
82-->src\main\AndroidManifest.xml:78:17-87
83                android:resource="@color/navigationColor" />
83-->src\main\AndroidManifest.xml:79:17-58
84            <meta-data
84-->src\main\AndroidManifest.xml:81:13-83:65
85                android:name="android.support.customtabs.trusted.NAVIGATION_BAR_COLOR_DARK"
85-->src\main\AndroidManifest.xml:82:17-92
86                android:resource="@color/navigationColorDark" />
86-->src\main\AndroidManifest.xml:83:17-62
87            <meta-data
87-->src\main\AndroidManifest.xml:85:13-87:68
88                android:name="androix.browser.trusted.NAVIGATION_BAR_DIVIDER_COLOR"
88-->src\main\AndroidManifest.xml:86:17-84
89                android:resource="@color/navigationDividerColor" />
89-->src\main\AndroidManifest.xml:87:17-65
90            <meta-data
90-->src\main\AndroidManifest.xml:89:13-91:72
91                android:name="androix.browser.trusted.NAVIGATION_BAR_DIVIDER_COLOR_DARK"
91-->src\main\AndroidManifest.xml:90:17-89
92                android:resource="@color/navigationDividerColorDark" />
92-->src\main\AndroidManifest.xml:91:17-69
93            <meta-data
93-->src\main\AndroidManifest.xml:93:13-94:54
94                android:name="android.support.customtabs.trusted.SPLASH_IMAGE_DRAWABLE"
94-->src\main\AndroidManifest.xml:93:24-95
95                android:resource="@drawable/splash" />
95-->src\main\AndroidManifest.xml:94:17-52
96            <meta-data
96-->src\main\AndroidManifest.xml:96:13-97:60
97                android:name="android.support.customtabs.trusted.SPLASH_SCREEN_BACKGROUND_COLOR"
97-->src\main\AndroidManifest.xml:96:24-104
98                android:resource="@color/backgroundColor" />
98-->src\main\AndroidManifest.xml:97:17-58
99            <meta-data
99-->src\main\AndroidManifest.xml:99:13-100:71
100                android:name="android.support.customtabs.trusted.SPLASH_SCREEN_FADE_OUT_DURATION"
100-->src\main\AndroidManifest.xml:99:24-105
101                android:value="@integer/splashScreenFadeOutDuration" />
101-->src\main\AndroidManifest.xml:100:17-69
102            <meta-data
102-->src\main\AndroidManifest.xml:102:13-103:60
103                android:name="android.support.customtabs.trusted.FILE_PROVIDER_AUTHORITY"
103-->src\main\AndroidManifest.xml:102:24-97
104                android:value="@string/providerAuthority" />
104-->src\main\AndroidManifest.xml:103:17-58
105            <meta-data
105-->src\main\AndroidManifest.xml:105:13-97
106                android:name="android.app.shortcuts"
106-->src\main\AndroidManifest.xml:105:24-60
107                android:resource="@xml/shortcuts" />
107-->src\main\AndroidManifest.xml:105:61-94
108            <meta-data
108-->src\main\AndroidManifest.xml:107:13-108:56
109                android:name="android.support.customtabs.trusted.FALLBACK_STRATEGY"
109-->src\main\AndroidManifest.xml:107:24-91
110                android:value="@string/fallbackType" />
110-->src\main\AndroidManifest.xml:108:17-53
111            <meta-data
111-->src\main\AndroidManifest.xml:114:13-115:54
112                android:name="android.support.customtabs.trusted.SCREEN_ORIENTATION"
112-->src\main\AndroidManifest.xml:114:24-92
113                android:value="@string/orientation" />
113-->src\main\AndroidManifest.xml:115:17-52
114            <meta-data
114-->src\main\AndroidManifest.xml:120:17-122:66
115                android:name="android.support.customtabs.trusted.DISPLAY_OVERRIDE"
115-->src\main\AndroidManifest.xml:121:21-87
116                android:resource="@array/display_override" />
116-->src\main\AndroidManifest.xml:122:21-63
117
118            <intent-filter>
118-->src\main\AndroidManifest.xml:127:13-130:29
119                <action android:name="android.intent.action.MAIN" />
119-->src\main\AndroidManifest.xml:128:17-69
119-->src\main\AndroidManifest.xml:128:25-66
120
121                <category android:name="android.intent.category.LAUNCHER" />
121-->src\main\AndroidManifest.xml:129:17-77
121-->src\main\AndroidManifest.xml:129:27-74
122            </intent-filter>
123            <intent-filter android:autoVerify="true" >
123-->src\main\AndroidManifest.xml:132:13-140:29
123-->src\main\AndroidManifest.xml:132:28-53
124                <action android:name="android.intent.action.VIEW" />
124-->src\main\AndroidManifest.xml:133:17-68
124-->src\main\AndroidManifest.xml:133:25-66
125
126                <category android:name="android.intent.category.DEFAULT" />
126-->src\main\AndroidManifest.xml:134:17-76
126-->src\main\AndroidManifest.xml:134:27-73
127                <category android:name="android.intent.category.BROWSABLE" />
127-->src\main\AndroidManifest.xml:135:17-77
127-->src\main\AndroidManifest.xml:135:27-75
128
129                <data
129-->src\main\AndroidManifest.xml:136:17-139:19
130                    android:host="@string/hostName"
130-->src\main\AndroidManifest.xml:137:21-52
131                    android:scheme="https" />
131-->src\main\AndroidManifest.xml:136:23-45
132            </intent-filter>
133        </activity>
134        <activity android:name="com.google.androidbrowserhelper.trusted.FocusActivity" />
134-->src\main\AndroidManifest.xml:147:9-90
134-->src\main\AndroidManifest.xml:147:19-87
135        <activity
135-->src\main\AndroidManifest.xml:149:9-150:62
136            android:name="com.google.androidbrowserhelper.trusted.WebViewFallbackActivity"
136-->src\main\AndroidManifest.xml:149:19-97
137            android:configChanges="orientation|screenSize" />
137-->src\main\AndroidManifest.xml:150:13-59
138
139        <provider
139-->src\main\AndroidManifest.xml:152:9-160:20
140            android:name="androidx.core.content.FileProvider"
140-->src\main\AndroidManifest.xml:153:13-62
141            android:authorities="@string/providerAuthority"
141-->src\main\AndroidManifest.xml:154:13-60
142            android:exported="false"
142-->src\main\AndroidManifest.xml:156:13-37
143            android:grantUriPermissions="true" >
143-->src\main\AndroidManifest.xml:155:13-47
144            <meta-data
144-->src\main\AndroidManifest.xml:157:13-159:53
145                android:name="android.support.FILE_PROVIDER_PATHS"
145-->src\main\AndroidManifest.xml:158:17-67
146                android:resource="@xml/filepaths" />
146-->src\main\AndroidManifest.xml:159:17-50
147        </provider>
148
149        <service
149-->src\main\AndroidManifest.xml:162:9-177:19
150            android:name="com.sha.clovia.DelegationService"
150-->src\main\AndroidManifest.xml:163:13-46
151            android:enabled="@bool/enableNotification"
151-->src\main\AndroidManifest.xml:164:13-55
152            android:exported="@bool/enableNotification" >
152-->src\main\AndroidManifest.xml:165:13-56
153            <meta-data
153-->src\main\AndroidManifest.xml:168:17-170:73
154                android:name="android.support.customtabs.trusted.SMALL_ICON"
154-->src\main\AndroidManifest.xml:169:21-81
155                android:resource="@drawable/ic_notification_icon" />
155-->src\main\AndroidManifest.xml:170:21-70
156
157            <intent-filter>
157-->src\main\AndroidManifest.xml:173:13-176:29
158                <action android:name="android.support.customtabs.trusted.TRUSTED_WEB_ACTIVITY_SERVICE" />
158-->src\main\AndroidManifest.xml:174:17-105
158-->src\main\AndroidManifest.xml:174:25-103
159
160                <category android:name="android.intent.category.DEFAULT" />
160-->src\main\AndroidManifest.xml:134:17-76
160-->src\main\AndroidManifest.xml:134:27-73
161            </intent-filter>
162        </service>
163
164        <activity android:name="com.google.androidbrowserhelper.trusted.NotificationPermissionRequestActivity" />
164-->src\main\AndroidManifest.xml:180:13-118
164-->src\main\AndroidManifest.xml:180:23-115
165
166        <provider
166-->[androidx.emoji2:emoji2:1.3.0] AndroidManifest.xml:24:9-32:20
167            android:name="androidx.startup.InitializationProvider"
167-->[androidx.emoji2:emoji2:1.3.0] AndroidManifest.xml:25:13-67
168            android:authorities="com.sha.clovia.androidx-startup"
168-->[androidx.emoji2:emoji2:1.3.0] AndroidManifest.xml:26:13-68
169            android:exported="false" >
169-->[androidx.emoji2:emoji2:1.3.0] AndroidManifest.xml:27:13-37
170            <meta-data
170-->[androidx.emoji2:emoji2:1.3.0] AndroidManifest.xml:29:13-31:52
171                android:name="androidx.emoji2.text.EmojiCompatInitializer"
171-->[androidx.emoji2:emoji2:1.3.0] AndroidManifest.xml:30:17-75
172                android:value="androidx.startup" />
172-->[androidx.emoji2:emoji2:1.3.0] AndroidManifest.xml:31:17-49
173            <meta-data
173-->[androidx.lifecycle:lifecycle-process:2.6.2] AndroidManifest.xml:29:13-31:52
174                android:name="androidx.lifecycle.ProcessLifecycleInitializer"
174-->[androidx.lifecycle:lifecycle-process:2.6.2] AndroidManifest.xml:30:17-78
175                android:value="androidx.startup" />
175-->[androidx.lifecycle:lifecycle-process:2.6.2] AndroidManifest.xml:31:17-49
176            <meta-data
176-->[androidx.profileinstaller:profileinstaller:1.3.1] AndroidManifest.xml:29:13-31:52
177                android:name="androidx.profileinstaller.ProfileInstallerInitializer"
177-->[androidx.profileinstaller:profileinstaller:1.3.1] AndroidManifest.xml:30:17-85
178                android:value="androidx.startup" />
178-->[androidx.profileinstaller:profileinstaller:1.3.1] AndroidManifest.xml:31:17-49
179        </provider>
180
181        <receiver
181-->[androidx.profileinstaller:profileinstaller:1.3.1] AndroidManifest.xml:34:9-52:20
182            android:name="androidx.profileinstaller.ProfileInstallReceiver"
182-->[androidx.profileinstaller:profileinstaller:1.3.1] AndroidManifest.xml:35:13-76
183            android:directBootAware="false"
183-->[androidx.profileinstaller:profileinstaller:1.3.1] AndroidManifest.xml:36:13-44
184            android:enabled="true"
184-->[androidx.profileinstaller:profileinstaller:1.3.1] AndroidManifest.xml:37:13-35
185            android:exported="true"
185-->[androidx.profileinstaller:profileinstaller:1.3.1] AndroidManifest.xml:38:13-36
186            android:permission="android.permission.DUMP" >
186-->[androidx.profileinstaller:profileinstaller:1.3.1] AndroidManifest.xml:39:13-57
187            <intent-filter>
187-->[androidx.profileinstaller:profileinstaller:1.3.1] AndroidManifest.xml:40:13-42:29
188                <action android:name="androidx.profileinstaller.action.INSTALL_PROFILE" />
188-->[androidx.profileinstaller:profileinstaller:1.3.1] AndroidManifest.xml:41:17-91
188-->[androidx.profileinstaller:profileinstaller:1.3.1] AndroidManifest.xml:41:25-88
189            </intent-filter>
190            <intent-filter>
190-->[androidx.profileinstaller:profileinstaller:1.3.1] AndroidManifest.xml:43:13-45:29
191                <action android:name="androidx.profileinstaller.action.SKIP_FILE" />
191-->[androidx.profileinstaller:profileinstaller:1.3.1] AndroidManifest.xml:44:17-85
191-->[androidx.profileinstaller:profileinstaller:1.3.1] AndroidManifest.xml:44:25-82
192            </intent-filter>
193            <intent-filter>
193-->[androidx.profileinstaller:profileinstaller:1.3.1] AndroidManifest.xml:46:13-48:29
194                <action android:name="androidx.profileinstaller.action.SAVE_PROFILE" />
194-->[androidx.profileinstaller:profileinstaller:1.3.1] AndroidManifest.xml:47:17-88
194-->[androidx.profileinstaller:profileinstaller:1.3.1] AndroidManifest.xml:47:25-85
195            </intent-filter>
196            <intent-filter>
196-->[androidx.profileinstaller:profileinstaller:1.3.1] AndroidManifest.xml:49:13-51:29
197                <action android:name="androidx.profileinstaller.action.BENCHMARK_OPERATION" />
197-->[androidx.profileinstaller:profileinstaller:1.3.1] AndroidManifest.xml:50:17-95
197-->[androidx.profileinstaller:profileinstaller:1.3.1] AndroidManifest.xml:50:25-92
198            </intent-filter>
199        </receiver>
200    </application>
201
202</manifest>